<?xml version="1.0" encoding="UTF-8"?>
<robot generator="Robot 7.2.2 (Python 3.12.0 on win32)" generated="2025-03-14T18:18:03.222694" rpa="false" schemaversion="5">
<suite id="s1" name="Desafio coco bambu" source="C:\Desafio coco bambu">
<suite id="s1-s1" name="Tests" source="C:\Desafio coco bambu\tests">
<suite id="s1-s1-s1" name="Pagamento" source="C:\Desafio coco bambu\tests\pagamento.robot">
<test id="s1-s1-s1-t1" name="Compra de voucher" line="10">
<kw name="Dado que o site do Coco Bambu seja acessado" owner="Pagamento">
<kw name="Open Browser" owner="Browser">
<msg time="2025-03-14T18:18:04.155671" level="FAIL">ValueError: Argument 'browser' got value 'chrome' that cannot be converted to SupportedBrowsers: SupportedBrowsers does not have member 'chrome'. Available: 'chromium', 'firefox' and 'webkit'</msg>
<arg>${URL}</arg>
<arg>${BROWSER}</arg>
<tag>BrowserControl</tag>
<tag>Setter</tag>
<doc>Opens a new browser instance. Use this keyword for quick experiments or debugging sessions.</doc>
<status status="FAIL" start="2025-03-14T18:18:04.153681" elapsed="0.005003">ValueError: Argument 'browser' got value 'chrome' that cannot be converted to SupportedBrowsers: SupportedBrowsers does not have member 'chrome'. Available: 'chromium', 'firefox' and 'webkit'</status>
</kw>
<kw name="Maximize Browser Window">
<status status="NOT RUN" start="2025-03-14T18:18:04.159675" elapsed="0.004007"/>
</kw>
<kw name="Set Browser Implicit Wait">
<arg>10</arg>
<status status="NOT RUN" start="2025-03-14T18:18:04.165672" elapsed="0.003000"/>
</kw>
<status status="FAIL" start="2025-03-14T18:18:04.150689" elapsed="0.019986">ValueError: Argument 'browser' got value 'chrome' that cannot be converted to SupportedBrowsers: SupportedBrowsers does not have member 'chrome'. Available: 'chromium', 'firefox' and 'webkit'</status>
</kw>
<kw name="Quando o usuário selecionar a aba de Vouchers" owner="Pagamento">
<status status="NOT RUN" start="2025-03-14T18:18:04.171678" elapsed="0.001009"/>
</kw>
<kw name="Então o usuário será direcionado para a tela de opções de Vouchers" owner="Pagamento">
<status status="NOT RUN" start="2025-03-14T18:18:04.172687" elapsed="0.000987"/>
</kw>
<kw name="E irá selecionar o voucher de Campanha de Testes para a região do Lago Sul" owner="Pagamento">
<status status="NOT RUN" start="2025-03-14T18:18:04.173674" elapsed="0.000000"/>
</kw>
<kw name="Quando o usuário visualizar a página e ler as Regras" owner="Pagamento">
<status status="NOT RUN" start="2025-03-14T18:18:04.174672" elapsed="0.000000"/>
</kw>
<kw name="Então retornará para a aba de Detalhes e irá fazer o cadastro" owner="Pagamento">
<status status="NOT RUN" start="2025-03-14T18:18:04.175682" elapsed="0.001000"/>
</kw>
<kw name="E irá válidar a autenticação" owner="Pagamento">
<status status="NOT RUN" start="2025-03-14T18:18:04.176682" elapsed="0.000995"/>
</kw>
<kw name="Então irá selecionar a forma de pagamento" owner="Pagamento">
<status status="NOT RUN" start="2025-03-14T18:18:04.177677" elapsed="0.000998"/>
</kw>
<kw name="E irá preencher os dados complementares" owner="Pagamento">
<status status="NOT RUN" start="2025-03-14T18:18:04.178675" elapsed="0.000997"/>
</kw>
<kw name="E selecionar a quantidade de Créditos" owner="Pagamento">
<status status="NOT RUN" start="2025-03-14T18:18:04.179672" elapsed="0.000000"/>
</kw>
<msg time="2025-03-14T18:18:04.226990" level="INFO">Starting Browser process C:\Desafio coco bambu\.venv\Lib\site-packages\Browser\wrapper\index.js using port 62640</msg>
<msg time="2025-03-14T18:18:04.228086" level="INFO">Node startup parameters: ['node', 'C:\\Desafio coco bambu\\.venv\\Lib\\site-packages\\Browser\\wrapper\\index.js', '62640']</msg>
<status status="FAIL" start="2025-03-14T18:18:04.147688" elapsed="0.032984">ValueError: Argument 'browser' got value 'chrome' that cannot be converted to SupportedBrowsers: SupportedBrowsers does not have member 'chrome'. Available: 'chromium', 'firefox' and 'webkit'</status>
</test>
<status status="FAIL" start="2025-03-14T18:18:03.274687" elapsed="2.762131"/>
</suite>
<status status="FAIL" start="2025-03-14T18:18:03.269683" elapsed="2.812134"/>
</suite>
<status status="FAIL" start="2025-03-14T18:18:03.234764" elapsed="2.849054"/>
</suite>
<statistics>
<total>
<stat pass="0" fail="1" skip="0">All Tests</stat>
</total>
<tag>
</tag>
<suite>
<stat name="Desafio coco bambu" id="s1" pass="0" fail="1" skip="0">Desafio coco bambu</stat>
<stat name="Tests" id="s1-s1" pass="0" fail="1" skip="0">Desafio coco bambu.Tests</stat>
<stat name="Pagamento" id="s1-s1-s1" pass="0" fail="1" skip="0">Desafio coco bambu.Tests.Pagamento</stat>
</suite>
</statistics>
<errors>
<msg time="2025-03-14T18:18:03.280672" level="ERROR">Error in file 'C:\Desafio coco bambu\tests\pagamento.robot' on line 4: Importing library 'SeleniumLibrary' failed: ModuleNotFoundError: No module named 'SeleniumLibrary'
Traceback (most recent call last):
  None
PYTHONPATH:
  C:\Desafio coco bambu\lib
  C:\Desafio coco bambu\resources
  c:\Users\penie\.vscode\extensions\d-biehl.robotcode-1.0.3\bundled\libs
  c:\Users\penie\.vscode\extensions\d-biehl.robotcode-1.0.3\bundled\tool\robotcode
  C:\Python312\python312.zip
  C:\Python312\DLLs
  C:\Python312\Lib
  C:\Python312
  C:\Desafio coco bambu\.venv
  C:\Desafio coco bambu\.venv\Lib\site-packages</msg>
<msg time="2025-03-14T18:18:03.286680" level="ERROR">Error in file 'C:\Desafio coco bambu\tests\pagamento.robot' on line 5: Importing library 'FakerLibrary' failed: ModuleNotFoundError: No module named 'FakerLibrary'
Traceback (most recent call last):
  None
PYTHONPATH:
  C:\Desafio coco bambu\lib
  C:\Desafio coco bambu\resources
  c:\Users\penie\.vscode\extensions\d-biehl.robotcode-1.0.3\bundled\libs
  c:\Users\penie\.vscode\extensions\d-biehl.robotcode-1.0.3\bundled\tool\robotcode
  C:\Python312\python312.zip
  C:\Python312\DLLs
  C:\Python312\Lib
  C:\Python312
  C:\Desafio coco bambu\.venv
  C:\Desafio coco bambu\.venv\Lib\site-packages</msg>
<msg time="2025-03-14T18:18:03.563516" level="ERROR">Error in file 'C:\Desafio coco bambu\resources\pages\Pagamento.resource' on line 2: Importing library 'SeleniumLibrary' failed: ModuleNotFoundError: No module named 'SeleniumLibrary'
Traceback (most recent call last):
  None
PYTHONPATH:
  C:\Desafio coco bambu\lib
  C:\Desafio coco bambu\resources
  c:\Users\penie\.vscode\extensions\d-biehl.robotcode-1.0.3\bundled\libs
  c:\Users\penie\.vscode\extensions\d-biehl.robotcode-1.0.3\bundled\tool\robotcode
  C:\Python312\python312.zip
  C:\Python312\DLLs
  C:\Python312\Lib
  C:\Python312
  C:\Desafio coco bambu\.venv
  C:\Desafio coco bambu\.venv\Lib\site-packages</msg>
<msg time="2025-03-14T18:18:03.571533" level="ERROR">Error in file 'C:\Desafio coco bambu\resources\pages\Pagamento.resource' on line 3: Importing library 'FakerLibrary' failed: ModuleNotFoundError: No module named 'FakerLibrary'
Traceback (most recent call last):
  None
PYTHONPATH:
  C:\Desafio coco bambu\lib
  C:\Desafio coco bambu\resources
  c:\Users\penie\.vscode\extensions\d-biehl.robotcode-1.0.3\bundled\libs
  c:\Users\penie\.vscode\extensions\d-biehl.robotcode-1.0.3\bundled\tool\robotcode
  C:\Python312\python312.zip
  C:\Python312\DLLs
  C:\Python312\Lib
  C:\Python312
  C:\Desafio coco bambu\.venv
  C:\Desafio coco bambu\.venv\Lib\site-packages</msg>
<msg time="2025-03-14T18:18:03.575532" level="ERROR">Error in file 'C:\Desafio coco bambu\resources\pages\Pagamento.resource' on line 4: Resource file 'variables\mapa.robot' does not exist.</msg>
<msg time="2025-03-14T18:18:04.140673" level="ERROR">Error in file 'C:\Desafio coco bambu\resources\pages\Variables\Variable.resource' on line 4: Importing library 'SeleniumLibrary' failed: ModuleNotFoundError: No module named 'SeleniumLibrary'
Traceback (most recent call last):
  None
PYTHONPATH:
  C:\Desafio coco bambu\lib
  C:\Desafio coco bambu\resources
  c:\Users\penie\.vscode\extensions\d-biehl.robotcode-1.0.3\bundled\libs
  c:\Users\penie\.vscode\extensions\d-biehl.robotcode-1.0.3\bundled\tool\robotcode
  C:\Python312\python312.zip
  C:\Python312\DLLs
  C:\Python312\Lib
  C:\Python312
  C:\Desafio coco bambu\.venv
  C:\Desafio coco bambu\.venv\Lib\site-packages</msg>
</errors>
</robot>
